Loaded the parameters for weight initialization:
Loaded the parameters for weight initialization:
Loaded raw state dictionary for weight initialization:
	tokenizer.dummpy_param:	torch.Size([16])
	decoder.embed_tokens.weight:	torch.Size([131, 768])
	decoder.embed_positions.weight:	torch.Size([8194, 768])
	decoder.final_layer_norm.weight:	torch.Size([768])
	decoder.final_layer_norm.bias:	torch.Size([768])
	decoder.layers.0.self_attn.k_proj.weight:	torch.Size([768, 768])
	decoder.layers.0.self_attn.k_proj.bias:	torch.Size([768])
	decoder.layers.0.self_attn.v_proj.weight:	torch.Size([768, 768])
	decoder.layers.0.self_attn.v_proj.bias:	torch.Size([768])
	decoder.layers.0.self_attn.q_proj.weight:	torch.Size([768, 768])
	decoder.layers.0.self_attn.q_proj.bias:	torch.Size([768])
	decoder.layers.0.self_attn.out_proj.weight:	torch.Size([768, 768])
	decoder.layers.0.self_attn.out_proj.bias:	torch.Size([768])
	decoder.layers.0.self_attn_layer_norm.weight:	torch.Size([768])
	decoder.layers.0.self_attn_layer_norm.bias:	torch.Size([768])
	decoder.layers.0.fc1.weight:	torch.Size([3072, 768])
	decoder.layers.0.fc1.bias:	torch.Size([3072])
	decoder.layers.0.fc2.weight:	torch.Size([768, 3072])
	decoder.layers.0.fc2.bias:	torch.Size([768])
	decoder.layers.0.final_layer_norm.weight:	torch.Size([768])
	decoder.layers.0.final_layer_norm.bias:	torch.Size([768])
	decoder.layers.1.self_attn.k_proj.weight:	torch.Size([768, 768])
	decoder.layers.1.self_attn.k_proj.bias:	torch.Size([768])
	decoder.layers.1.self_attn.v_proj.weight:	torch.Size([768, 768])
	decoder.layers.1.self_attn.v_proj.bias:	torch.Size([768])
	decoder.layers.1.self_attn.q_proj.weight:	torch.Size([768, 768])
	decoder.layers.1.self_attn.q_proj.bias:	torch.Size([768])
	decoder.layers.1.self_attn.out_proj.weight:	torch.Size([768, 768])
	decoder.layers.1.self_attn.out_proj.bias:	torch.Size([768])
	decoder.layers.1.self_attn_layer_norm.weight:	torch.Size([768])
	decoder.layers.1.self_attn_layer_norm.bias:	torch.Size([768])
	decoder.layers.1.fc1.weight:	torch.Size([3072, 768])
	decoder.layers.1.fc1.bias:	torch.Size([3072])
	decoder.layers.1.fc2.weight:	torch.Size([768, 3072])
	decoder.layers.1.fc2.bias:	torch.Size([768])
	decoder.layers.1.final_layer_norm.weight:	torch.Size([768])
	decoder.layers.1.final_layer_norm.bias:	torch.Size([768])
	decoder.layers.2.self_attn.k_proj.weight:	torch.Size([768, 768])
	decoder.layers.2.self_attn.k_proj.bias:	torch.Size([768])
	decoder.layers.2.self_attn.v_proj.weight:	torch.Size([768, 768])
	decoder.layers.2.self_attn.v_proj.bias:	torch.Size([768])
	decoder.layers.2.self_attn.q_proj.weight:	torch.Size([768, 768])
	decoder.layers.2.self_attn.q_proj.bias:	torch.Size([768])
	decoder.layers.2.self_attn.out_proj.weight:	torch.Size([768, 768])
	decoder.layers.2.self_attn.out_proj.bias:	torch.Size([768])
	decoder.layers.2.self_attn_layer_norm.weight:	torch.Size([768])
	decoder.layers.2.self_attn_layer_norm.bias:	torch.Size([768])
	decoder.layers.2.fc1.weight:	torch.Size([3072, 768])
	decoder.layers.2.fc1.bias:	torch.Size([3072])
	decoder.layers.2.fc2.weight:	torch.Size([768, 3072])
	decoder.layers.2.fc2.bias:	torch.Size([768])
	decoder.layers.2.final_layer_norm.weight:	torch.Size([768])
	decoder.layers.2.final_layer_norm.bias:	torch.Size([768])
	decoder.layers.3.self_attn.k_proj.weight:	torch.Size([768, 768])
	decoder.layers.3.self_attn.k_proj.bias:	torch.Size([768])
	decoder.layers.3.self_attn.v_proj.weight:	torch.Size([768, 768])
	decoder.layers.3.self_attn.v_proj.bias:	torch.Size([768])
	decoder.layers.3.self_attn.q_proj.weight:	torch.Size([768, 768])
	decoder.layers.3.self_attn.q_proj.bias:	torch.Size([768])
	decoder.layers.3.self_attn.out_proj.weight:	torch.Size([768, 768])
	decoder.layers.3.self_attn.out_proj.bias:	torch.Size([768])
	decoder.layers.3.self_attn_layer_norm.weight:	torch.Size([768])
	decoder.layers.3.self_attn_layer_norm.bias:	torch.Size([768])
	decoder.layers.3.fc1.weight:	torch.Size([3072, 768])
	decoder.layers.3.fc1.bias:	torch.Size([3072])
	decoder.layers.3.fc2.weight:	torch.Size([768, 3072])
	decoder.layers.3.fc2.bias:	torch.Size([768])
	decoder.layers.3.final_layer_norm.weight:	torch.Size([768])
	decoder.layers.3.final_layer_norm.bias:	torch.Size([768])
	decoder.layers.4.self_attn.k_proj.weight:	torch.Size([768, 768])
	decoder.layers.4.self_attn.k_proj.bias:	torch.Size([768])
	decoder.layers.4.self_attn.v_proj.weight:	torch.Size([768, 768])
	decoder.layers.4.self_attn.v_proj.bias:	torch.Size([768])
	decoder.layers.4.self_attn.q_proj.weight:	torch.Size([768, 768])
	decoder.layers.4.self_attn.q_proj.bias:	torch.Size([768])
	decoder.layers.4.self_attn.out_proj.weight:	torch.Size([768, 768])
	decoder.layers.4.self_attn.out_proj.bias:	torch.Size([768])
	decoder.layers.4.self_attn_layer_norm.weight:	torch.Size([768])
	decoder.layers.4.self_attn_layer_norm.bias:	torch.Size([768])
	decoder.layers.4.fc1.weight:	torch.Size([3072, 768])
	decoder.layers.4.fc1.bias:	torch.Size([3072])
	decoder.layers.4.fc2.weight:	torch.Size([768, 3072])
	decoder.layers.4.fc2.bias:	torch.Size([768])
	decoder.layers.4.final_layer_norm.weight:	torch.Size([768])
	decoder.layers.4.final_layer_norm.bias:	torch.Size([768])
	decoder.layers.5.self_attn.k_proj.weight:	torch.Size([768, 768])
	decoder.layers.5.self_attn.k_proj.bias:	torch.Size([768])
	decoder.layers.5.self_attn.v_proj.weight:	torch.Size([768, 768])
	decoder.layers.5.self_attn.v_proj.bias:	torch.Size([768])
	decoder.layers.5.self_attn.q_proj.weight:	torch.Size([768, 768])
	decoder.layers.5.self_attn.q_proj.bias:	torch.Size([768])
	decoder.layers.5.self_attn.out_proj.weight:	torch.Size([768, 768])
	decoder.layers.5.self_attn.out_proj.bias:	torch.Size([768])
	decoder.layers.5.self_attn_layer_norm.weight:	torch.Size([768])
	decoder.layers.5.self_attn_layer_norm.bias:	torch.Size([768])
	decoder.layers.5.fc1.weight:	torch.Size([3072, 768])
	decoder.layers.5.fc1.bias:	torch.Size([3072])
	decoder.layers.5.fc2.weight:	torch.Size([768, 3072])
	decoder.layers.5.fc2.bias:	torch.Size([768])
	decoder.layers.5.final_layer_norm.weight:	torch.Size([768])
	decoder.layers.5.final_layer_norm.bias:	torch.Size([768])
	decoder.layers.6.self_attn.k_proj.weight:	torch.Size([768, 768])
	decoder.layers.6.self_attn.k_proj.bias:	torch.Size([768])
	decoder.layers.6.self_attn.v_proj.weight:	torch.Size([768, 768])
	decoder.layers.6.self_attn.v_proj.bias:	torch.Size([768])
	decoder.layers.6.self_attn.q_proj.weight:	torch.Size([768, 768])
	decoder.layers.6.self_attn.q_proj.bias:	torch.Size([768])
	decoder.layers.6.self_attn.out_proj.weight:	torch.Size([768, 768])
	decoder.layers.6.self_attn.out_proj.bias:	torch.Size([768])
	decoder.layers.6.self_attn_layer_norm.weight:	torch.Size([768])
	decoder.layers.6.self_attn_layer_norm.bias:	torch.Size([768])
	decoder.layers.6.fc1.weight:	torch.Size([3072, 768])
	decoder.layers.6.fc1.bias:	torch.Size([3072])
	decoder.layers.6.fc2.weight:	torch.Size([768, 3072])
	decoder.layers.6.fc2.bias:	torch.Size([768])
	decoder.layers.6.final_layer_norm.weight:	torch.Size([768])
	decoder.layers.6.final_layer_norm.bias:	torch.Size([768])
	decoder.layers.7.self_attn.k_proj.weight:	torch.Size([768, 768])
	decoder.layers.7.self_attn.k_proj.bias:	torch.Size([768])
	decoder.layers.7.self_attn.v_proj.weight:	torch.Size([768, 768])
	decoder.layers.7.self_attn.v_proj.bias:	torch.Size([768])
	decoder.layers.7.self_attn.q_proj.weight:	torch.Size([768, 768])
	decoder.layers.7.self_attn.q_proj.bias:	torch.Size([768])
	decoder.layers.7.self_attn.out_proj.weight:	torch.Size([768, 768])
	decoder.layers.7.self_attn.out_proj.bias:	torch.Size([768])
	decoder.layers.7.self_attn_layer_norm.weight:	torch.Size([768])
	decoder.layers.7.self_attn_layer_norm.bias:	torch.Size([768])
	decoder.layers.7.fc1.weight:	torch.Size([3072, 768])
	decoder.layers.7.fc1.bias:	torch.Size([3072])
	decoder.layers.7.fc2.weight:	torch.Size([768, 3072])
	decoder.layers.7.fc2.bias:	torch.Size([768])
	decoder.layers.7.final_layer_norm.weight:	torch.Size([768])
	decoder.layers.7.final_layer_norm.bias:	torch.Size([768])
	decoder.layers.8.self_attn.k_proj.weight:	torch.Size([768, 768])
	decoder.layers.8.self_attn.k_proj.bias:	torch.Size([768])
	decoder.layers.8.self_attn.v_proj.weight:	torch.Size([768, 768])
	decoder.layers.8.self_attn.v_proj.bias:	torch.Size([768])
	decoder.layers.8.self_attn.q_proj.weight:	torch.Size([768, 768])
	decoder.layers.8.self_attn.q_proj.bias:	torch.Size([768])
	decoder.layers.8.self_attn.out_proj.weight:	torch.Size([768, 768])
	decoder.layers.8.self_attn.out_proj.bias:	torch.Size([768])
	decoder.layers.8.self_attn_layer_norm.weight:	torch.Size([768])
	decoder.layers.8.self_attn_layer_norm.bias:	torch.Size([768])
	decoder.layers.8.fc1.weight:	torch.Size([3072, 768])
	decoder.layers.8.fc1.bias:	torch.Size([3072])
	decoder.layers.8.fc2.weight:	torch.Size([768, 3072])
	decoder.layers.8.fc2.bias:	torch.Size([768])
	decoder.layers.8.final_layer_norm.weight:	torch.Size([768])
	decoder.layers.8.final_layer_norm.bias:	torch.Size([768])
	decoder.layers.9.self_attn.k_proj.weight:	torch.Size([768, 768])
	decoder.layers.9.self_attn.k_proj.bias:	torch.Size([768])
	decoder.layers.9.self_attn.v_proj.weight:	torch.Size([768, 768])
	decoder.layers.9.self_attn.v_proj.bias:	torch.Size([768])
	decoder.layers.9.self_attn.q_proj.weight:	torch.Size([768, 768])
	decoder.layers.9.self_attn.q_proj.bias:	torch.Size([768])
	decoder.layers.9.self_attn.out_proj.weight:	torch.Size([768, 768])
	decoder.layers.9.self_attn.out_proj.bias:	torch.Size([768])
	decoder.layers.9.self_attn_layer_norm.weight:	torch.Size([768])
	decoder.layers.9.self_attn_layer_norm.bias:	torch.Size([768])
	decoder.layers.9.fc1.weight:	torch.Size([3072, 768])
	decoder.layers.9.fc1.bias:	torch.Size([3072])
	decoder.layers.9.fc2.weight:	torch.Size([768, 3072])
	decoder.layers.9.fc2.bias:	torch.Size([768])
	decoder.layers.9.final_layer_norm.weight:	torch.Size([768])
	decoder.layers.9.final_layer_norm.bias:	torch.Size([768])
	decoder.layers.10.self_attn.k_proj.weight:	torch.Size([768, 768])
	decoder.layers.10.self_attn.k_proj.bias:	torch.Size([768])
	decoder.layers.10.self_attn.v_proj.weight:	torch.Size([768, 768])
	decoder.layers.10.self_attn.v_proj.bias:	torch.Size([768])
	decoder.layers.10.self_attn.q_proj.weight:	torch.Size([768, 768])
	decoder.layers.10.self_attn.q_proj.bias:	torch.Size([768])
	decoder.layers.10.self_attn.out_proj.weight:	torch.Size([768, 768])
	decoder.layers.10.self_attn.out_proj.bias:	torch.Size([768])
	decoder.layers.10.self_attn_layer_norm.weight:	torch.Size([768])
	decoder.layers.10.self_attn_layer_norm.bias:	torch.Size([768])
	decoder.layers.10.fc1.weight:	torch.Size([3072, 768])
	decoder.layers.10.fc1.bias:	torch.Size([3072])
	decoder.layers.10.fc2.weight:	torch.Size([768, 3072])
	decoder.layers.10.fc2.bias:	torch.Size([768])
	decoder.layers.10.final_layer_norm.weight:	torch.Size([768])
	decoder.layers.10.final_layer_norm.bias:	torch.Size([768])
	decoder.layers.11.self_attn.k_proj.weight:	torch.Size([768, 768])
	decoder.layers.11.self_attn.k_proj.bias:	torch.Size([768])
	decoder.layers.11.self_attn.v_proj.weight:	torch.Size([768, 768])
	decoder.layers.11.self_attn.v_proj.bias:	torch.Size([768])
	decoder.layers.11.self_attn.q_proj.weight:	torch.Size([768, 768])
	decoder.layers.11.self_attn.q_proj.bias:	torch.Size([768])
	decoder.layers.11.self_attn.out_proj.weight:	torch.Size([768, 768])
	decoder.layers.11.self_attn.out_proj.bias:	torch.Size([768])
	decoder.layers.11.self_attn_layer_norm.weight:	torch.Size([768])
	decoder.layers.11.self_attn_layer_norm.bias:	torch.Size([768])
	decoder.layers.11.fc1.weight:	torch.Size([3072, 768])
	decoder.layers.11.fc1.bias:	torch.Size([3072])
	decoder.layers.11.fc2.weight:	torch.Size([768, 3072])
	decoder.layers.11.fc2.bias:	torch.Size([768])
	decoder.layers.11.final_layer_norm.weight:	torch.Size([768])
	decoder.layers.11.final_layer_norm.bias:	torch.Size([768])
	transformer.lm_head.weight:	torch.Size([131, 768])
Loaded the parameters for weight initialization:
Loaded raw state dictionary for weight initialization:
	tokenizer.dummpy_param:	torch.Size([16])
	decoder.embed_tokens.weight:	torch.Size([131, 768])
	decoder.embed_positions.weight:	torch.Size([8194, 768])
	decoder.final_layer_norm.weight:	torch.Size([768])
	decoder.final_layer_norm.bias:	torch.Size([768])
	decoder.layers.0.self_attn.k_proj.weight:	torch.Size([768, 768])
	decoder.layers.0.self_attn.k_proj.bias:	torch.Size([768])
	decoder.layers.0.self_attn.v_proj.weight:	torch.Size([768, 768])
	decoder.layers.0.self_attn.v_proj.bias:	torch.Size([768])
	decoder.layers.0.self_attn.q_proj.weight:	torch.Size([768, 768])
	decoder.layers.0.self_attn.q_proj.bias:	torch.Size([768])
	decoder.layers.0.self_attn.out_proj.weight:	torch.Size([768, 768])
	decoder.layers.0.self_attn.out_proj.bias:	torch.Size([768])
	decoder.layers.0.self_attn_layer_norm.weight:	torch.Size([768])
	decoder.layers.0.self_attn_layer_norm.bias:	torch.Size([768])
	decoder.layers.0.fc1.weight:	torch.Size([3072, 768])
	decoder.layers.0.fc1.bias:	torch.Size([3072])
	decoder.layers.0.fc2.weight:	torch.Size([768, 3072])
	decoder.layers.0.fc2.bias:	torch.Size([768])
	decoder.layers.0.final_layer_norm.weight:	torch.Size([768])
	decoder.layers.0.final_layer_norm.bias:	torch.Size([768])
	decoder.layers.1.self_attn.k_proj.weight:	torch.Size([768, 768])
	decoder.layers.1.self_attn.k_proj.bias:	torch.Size([768])
	decoder.layers.1.self_attn.v_proj.weight:	torch.Size([768, 768])
	decoder.layers.1.self_attn.v_proj.bias:	torch.Size([768])
	decoder.layers.1.self_attn.q_proj.weight:	torch.Size([768, 768])
	decoder.layers.1.self_attn.q_proj.bias:	torch.Size([768])
	decoder.layers.1.self_attn.out_proj.weight:	torch.Size([768, 768])
	decoder.layers.1.self_attn.out_proj.bias:	torch.Size([768])
	decoder.layers.1.self_attn_layer_norm.weight:	torch.Size([768])
	decoder.layers.1.self_attn_layer_norm.bias:	torch.Size([768])
	decoder.layers.1.fc1.weight:	torch.Size([3072, 768])
	decoder.layers.1.fc1.bias:	torch.Size([3072])
	decoder.layers.1.fc2.weight:	torch.Size([768, 3072])
	decoder.layers.1.fc2.bias:	torch.Size([768])
	decoder.layers.1.final_layer_norm.weight:	torch.Size([768])
	decoder.layers.1.final_layer_norm.bias:	torch.Size([768])
	decoder.layers.2.self_attn.k_proj.weight:	torch.Size([768, 768])
	decoder.layers.2.self_attn.k_proj.bias:	torch.Size([768])
	decoder.layers.2.self_attn.v_proj.weight:	torch.Size([768, 768])
	decoder.layers.2.self_attn.v_proj.bias:	torch.Size([768])
	decoder.layers.2.self_attn.q_proj.weight:	torch.Size([768, 768])
	decoder.layers.2.self_attn.q_proj.bias:	torch.Size([768])
	decoder.layers.2.self_attn.out_proj.weight:	torch.Size([768, 768])
	decoder.layers.2.self_attn.out_proj.bias:	torch.Size([768])
	decoder.layers.2.self_attn_layer_norm.weight:	torch.Size([768])
	decoder.layers.2.self_attn_layer_norm.bias:	torch.Size([768])
	decoder.layers.2.fc1.weight:	torch.Size([3072, 768])
	decoder.layers.2.fc1.bias:	torch.Size([3072])
	decoder.layers.2.fc2.weight:	torch.Size([768, 3072])
	decoder.layers.2.fc2.bias:	torch.Size([768])
	decoder.layers.2.final_layer_norm.weight:	torch.Size([768])
	decoder.layers.2.final_layer_norm.bias:	torch.Size([768])
	decoder.layers.3.self_attn.k_proj.weight:	torch.Size([768, 768])
	decoder.layers.3.self_attn.k_proj.bias:	torch.Size([768])
	decoder.layers.3.self_attn.v_proj.weight:	torch.Size([768, 768])
	decoder.layers.3.self_attn.v_proj.bias:	torch.Size([768])
	decoder.layers.3.self_attn.q_proj.weight:	torch.Size([768, 768])
	decoder.layers.3.self_attn.q_proj.bias:	torch.Size([768])
	decoder.layers.3.self_attn.out_proj.weight:	torch.Size([768, 768])
	decoder.layers.3.self_attn.out_proj.bias:	torch.Size([768])
	decoder.layers.3.self_attn_layer_norm.weight:	torch.Size([768])
	decoder.layers.3.self_attn_layer_norm.bias:	torch.Size([768])
	decoder.layers.3.fc1.weight:	torch.Size([3072, 768])
	decoder.layers.3.fc1.bias:	torch.Size([3072])
	decoder.layers.3.fc2.weight:	torch.Size([768, 3072])
	decoder.layers.3.fc2.bias:	torch.Size([768])
	decoder.layers.3.final_layer_norm.weight:	torch.Size([768])
	decoder.layers.3.final_layer_norm.bias:	torch.Size([768])
	decoder.layers.4.self_attn.k_proj.weight:	torch.Size([768, 768])
	decoder.layers.4.self_attn.k_proj.bias:	torch.Size([768])
	decoder.layers.4.self_attn.v_proj.weight:	torch.Size([768, 768])
	decoder.layers.4.self_attn.v_proj.bias:	torch.Size([768])
	decoder.layers.4.self_attn.q_proj.weight:	torch.Size([768, 768])
	decoder.layers.4.self_attn.q_proj.bias:	torch.Size([768])
	decoder.layers.4.self_attn.out_proj.weight:	torch.Size([768, 768])
	decoder.layers.4.self_attn.out_proj.bias:	torch.Size([768])
	decoder.layers.4.self_attn_layer_norm.weight:	torch.Size([768])
	decoder.layers.4.self_attn_layer_norm.bias:	torch.Size([768])
	decoder.layers.4.fc1.weight:	torch.Size([3072, 768])
	decoder.layers.4.fc1.bias:	torch.Size([3072])
	decoder.layers.4.fc2.weight:	torch.Size([768, 3072])
	decoder.layers.4.fc2.bias:	torch.Size([768])
	decoder.layers.4.final_layer_norm.weight:	torch.Size([768])
	decoder.layers.4.final_layer_norm.bias:	torch.Size([768])
	decoder.layers.5.self_attn.k_proj.weight:	torch.Size([768, 768])
	decoder.layers.5.self_attn.k_proj.bias:	torch.Size([768])
	decoder.layers.5.self_attn.v_proj.weight:	torch.Size([768, 768])
	decoder.layers.5.self_attn.v_proj.bias:	torch.Size([768])
	decoder.layers.5.self_attn.q_proj.weight:	torch.Size([768, 768])
	decoder.layers.5.self_attn.q_proj.bias:	torch.Size([768])
	decoder.layers.5.self_attn.out_proj.weight:	torch.Size([768, 768])
	decoder.layers.5.self_attn.out_proj.bias:	torch.Size([768])
	decoder.layers.5.self_attn_layer_norm.weight:	torch.Size([768])
	decoder.layers.5.self_attn_layer_norm.bias:	torch.Size([768])
	decoder.layers.5.fc1.weight:	torch.Size([3072, 768])
	decoder.layers.5.fc1.bias:	torch.Size([3072])
	decoder.layers.5.fc2.weight:	torch.Size([768, 3072])
	decoder.layers.5.fc2.bias:	torch.Size([768])
	decoder.layers.5.final_layer_norm.weight:	torch.Size([768])
	decoder.layers.5.final_layer_norm.bias:	torch.Size([768])
	decoder.layers.6.self_attn.k_proj.weight:	torch.Size([768, 768])
	decoder.layers.6.self_attn.k_proj.bias:	torch.Size([768])
	decoder.layers.6.self_attn.v_proj.weight:	torch.Size([768, 768])
	decoder.layers.6.self_attn.v_proj.bias:	torch.Size([768])
	decoder.layers.6.self_attn.q_proj.weight:	torch.Size([768, 768])
	decoder.layers.6.self_attn.q_proj.bias:	torch.Size([768])
	decoder.layers.6.self_attn.out_proj.weight:	torch.Size([768, 768])
	decoder.layers.6.self_attn.out_proj.bias:	torch.Size([768])
	decoder.layers.6.self_attn_layer_norm.weight:	torch.Size([768])
	decoder.layers.6.self_attn_layer_norm.bias:	torch.Size([768])
	decoder.layers.6.fc1.weight:	torch.Size([3072, 768])
	decoder.layers.6.fc1.bias:	torch.Size([3072])
	decoder.layers.6.fc2.weight:	torch.Size([768, 3072])
	decoder.layers.6.fc2.bias:	torch.Size([768])
	decoder.layers.6.final_layer_norm.weight:	torch.Size([768])
	decoder.layers.6.final_layer_norm.bias:	torch.Size([768])
	decoder.layers.7.self_attn.k_proj.weight:	torch.Size([768, 768])
	decoder.layers.7.self_attn.k_proj.bias:	torch.Size([768])
	decoder.layers.7.self_attn.v_proj.weight:	torch.Size([768, 768])
	decoder.layers.7.self_attn.v_proj.bias:	torch.Size([768])
	decoder.layers.7.self_attn.q_proj.weight:	torch.Size([768, 768])
	decoder.layers.7.self_attn.q_proj.bias:	torch.Size([768])
	decoder.layers.7.self_attn.out_proj.weight:	torch.Size([768, 768])
	decoder.layers.7.self_attn.out_proj.bias:	torch.Size([768])
	decoder.layers.7.self_attn_layer_norm.weight:	torch.Size([768])
	decoder.layers.7.self_attn_layer_norm.bias:	torch.Size([768])
	decoder.layers.7.fc1.weight:	torch.Size([3072, 768])
	decoder.layers.7.fc1.bias:	torch.Size([3072])
	decoder.layers.7.fc2.weight:	torch.Size([768, 3072])
	decoder.layers.7.fc2.bias:	torch.Size([768])
	decoder.layers.7.final_layer_norm.weight:	torch.Size([768])
	decoder.layers.7.final_layer_norm.bias:	torch.Size([768])
	decoder.layers.8.self_attn.k_proj.weight:	torch.Size([768, 768])
	decoder.layers.8.self_attn.k_proj.bias:	torch.Size([768])
	decoder.layers.8.self_attn.v_proj.weight:	torch.Size([768, 768])
	decoder.layers.8.self_attn.v_proj.bias:	torch.Size([768])
	decoder.layers.8.self_attn.q_proj.weight:	torch.Size([768, 768])
	decoder.layers.8.self_attn.q_proj.bias:	torch.Size([768])
	decoder.layers.8.self_attn.out_proj.weight:	torch.Size([768, 768])
	decoder.layers.8.self_attn.out_proj.bias:	torch.Size([768])
	decoder.layers.8.self_attn_layer_norm.weight:	torch.Size([768])
	decoder.layers.8.self_attn_layer_norm.bias:	torch.Size([768])
	decoder.layers.8.fc1.weight:	torch.Size([3072, 768])
	decoder.layers.8.fc1.bias:	torch.Size([3072])
	decoder.layers.8.fc2.weight:	torch.Size([768, 3072])
	decoder.layers.8.fc2.bias:	torch.Size([768])
	decoder.layers.8.final_layer_norm.weight:	torch.Size([768])
	decoder.layers.8.final_layer_norm.bias:	torch.Size([768])
	decoder.layers.9.self_attn.k_proj.weight:	torch.Size([768, 768])
	decoder.layers.9.self_attn.k_proj.bias:	torch.Size([768])
	decoder.layers.9.self_attn.v_proj.weight:	torch.Size([768, 768])
	decoder.layers.9.self_attn.v_proj.bias:	torch.Size([768])
	decoder.layers.9.self_attn.q_proj.weight:	torch.Size([768, 768])
	decoder.layers.9.self_attn.q_proj.bias:	torch.Size([768])
	decoder.layers.9.self_attn.out_proj.weight:	torch.Size([768, 768])
	decoder.layers.9.self_attn.out_proj.bias:	torch.Size([768])
	decoder.layers.9.self_attn_layer_norm.weight:	torch.Size([768])
	decoder.layers.9.self_attn_layer_norm.bias:	torch.Size([768])
	decoder.layers.9.fc1.weight:	torch.Size([3072, 768])
	decoder.layers.9.fc1.bias:	torch.Size([3072])
	decoder.layers.9.fc2.weight:	torch.Size([768, 3072])
	decoder.layers.9.fc2.bias:	torch.Size([768])
	decoder.layers.9.final_layer_norm.weight:	torch.Size([768])
	decoder.layers.9.final_layer_norm.bias:	torch.Size([768])
	decoder.layers.10.self_attn.k_proj.weight:	torch.Size([768, 768])
	decoder.layers.10.self_attn.k_proj.bias:	torch.Size([768])
	decoder.layers.10.self_attn.v_proj.weight:	torch.Size([768, 768])
	decoder.layers.10.self_attn.v_proj.bias:	torch.Size([768])
	decoder.layers.10.self_attn.q_proj.weight:	torch.Size([768, 768])
	decoder.layers.10.self_attn.q_proj.bias:	torch.Size([768])
	decoder.layers.10.self_attn.out_proj.weight:	torch.Size([768, 768])
	decoder.layers.10.self_attn.out_proj.bias:	torch.Size([768])
	decoder.layers.10.self_attn_layer_norm.weight:	torch.Size([768])
	decoder.layers.10.self_attn_layer_norm.bias:	torch.Size([768])
	decoder.layers.10.fc1.weight:	torch.Size([3072, 768])
	decoder.layers.10.fc1.bias:	torch.Size([3072])
	decoder.layers.10.fc2.weight:	torch.Size([768, 3072])
	decoder.layers.10.fc2.bias:	torch.Size([768])
	decoder.layers.10.final_layer_norm.weight:	torch.Size([768])
	decoder.layers.10.final_layer_norm.bias:	torch.Size([768])
	decoder.layers.11.self_attn.k_proj.weight:	torch.Size([768, 768])
	decoder.layers.11.self_attn.k_proj.bias:	torch.Size([768])
	decoder.layers.11.self_attn.v_proj.weight:	torch.Size([768, 768])
	decoder.layers.11.self_attn.v_proj.bias:	torch.Size([768])
	decoder.layers.11.self_attn.q_proj.weight:	torch.Size([768, 768])
	decoder.layers.11.self_attn.q_proj.bias:	torch.Size([768])
	decoder.layers.11.self_attn.out_proj.weight:	torch.Size([768, 768])
	decoder.layers.11.self_attn.out_proj.bias:	torch.Size([768])
	decoder.layers.11.self_attn_layer_norm.weight:	torch.Size([768])
	decoder.layers.11.self_attn_layer_norm.bias:	torch.Size([768])
	decoder.layers.11.fc1.weight:	torch.Size([3072, 768])
	decoder.layers.11.fc1.bias:	torch.Size([3072])
	decoder.layers.11.fc2.weight:	torch.Size([768, 3072])
	decoder.layers.11.fc2.bias:	torch.Size([768])
	decoder.layers.11.final_layer_norm.weight:	torch.Size([768])
	decoder.layers.11.final_layer_norm.bias:	torch.Size([768])
	transformer.lm_head.weight:	torch.Size([131, 768])
Loaded the parameters for weight initialization:
Loaded the parameters for weight initialization:
